<?xml version="1.0" encoding="UTF-8"?>
<!-- Generated by org.testng.reporters.JUnitReportReporter -->
<testsuite hostname="AkshayKumar" name="TestA" tests="1" failures="0" timestamp="13 Apr 2020 23:01:01 GMT" time="3.020" errors="0">
  <testcase name="testA" time="3.020" classname="TestA"/>
</testsuite> <!-- TestA -->
