<?xml version="1.0" encoding="UTF-8"?>
<!-- Generated by org.testng.reporters.JUnitReportReporter -->
<testsuite hostname="AkshayKumar" name="TestB" tests="1" failures="0" timestamp="3 Oct 2019 17:51:29 GMT" time="3.030" errors="0">
  <testcase name="testB" time="3.030" classname="TestB"/>
</testsuite> <!-- TestB -->
